{
  "RSpec": {
    "coverage": {
      "/Users/smccall/Desktop/Berkeley/169/bsc-workshift-manager/app/helpers/application_helper.rb": [
        1,
        null
      ],
      "/Users/smccall/Desktop/Berkeley/169/bsc-workshift-manager/app/helpers/preferences_helper.rb": [
        1,
        null
      ],
      "/Users/smccall/Desktop/Berkeley/169/bsc-workshift-manager/app/controllers/preferences_controller.rb": [
        1,
        1,
        null,
        1,
        0,
        null,
        null,
        null,
        null,
        1,
        null,
        null,
        null,
        1,
        0,
        null,
        null,
        null,
        1,
        null,
        null,
        null,
        null,
        1,
        0,
        null,
        0,
        0,
        0,
        0,
        null,
        0,
        0,
        null,
        null,
        null,
        null,
        null,
        null,
        1,
        0,
        0,
        0,
        0,
        null,
        0,
        0,
        null,
        null,
        null,
        null,
        1,
        null,
        1,
        0,
        null,
        null,
        null,
        1,
        0,
        null,
        null
      ],
      "/Users/smccall/Desktop/Berkeley/169/bsc-workshift-manager/app/controllers/application_controller.rb": [
        1,
        1,
        null
      ],
      "/Users/smccall/Desktop/Berkeley/169/bsc-workshift-manager/app/channels/application_cable/channel.rb": [
        0,
        0,
        0,
        0
      ],
      "/Users/smccall/Desktop/Berkeley/169/bsc-workshift-manager/app/channels/application_cable/connection.rb": [
        0,
        0,
        0,
        0
      ],
      "/Users/smccall/Desktop/Berkeley/169/bsc-workshift-manager/app/jobs/application_job.rb": [
        0,
        0
      ],
      "/Users/smccall/Desktop/Berkeley/169/bsc-workshift-manager/app/mailers/application_mailer.rb": [
        0,
        0,
        0,
        0
      ],
      "/Users/smccall/Desktop/Berkeley/169/bsc-workshift-manager/app/models/application_record.rb": [
        0,
        0,
        0
      ],
      "/Users/smccall/Desktop/Berkeley/169/bsc-workshift-manager/app/models/preference.rb": [
        0,
        null,
        0,
        0,
        null,
        0,
        null,
        null,
        null,
        0,
        0,
        0,
        0,
        0,
        null,
        null,
        null,
        0,
        0,
        null,
        0,
        0,
        0,
        0,
        0,
        0,
        null,
        0,
        0,
        0,
        null,
        0,
        0,
        0,
        null,
        0,
        0,
        0,
        null,
        null,
        null,
        null,
        0,
        0,
        0,
        null,
        0,
        0,
        0,
        0
      ]
    },
    "timestamp": 1508533845
  }
}
